2023-04-03 00:24:10.468391 - Initialized conversion of CBT458
2023-04-03 00:24:12.342106 - Received CBT.V504.FILE458.PDS from FILE458.XMI 
2023-04-03 00:24:12.344729 - Found $$$#DATE.txt (text/plain) in CBT.V504.FILE458.PDS, moved to PDS/$$$#DATE
2023-04-03 00:24:12.345826 - Found $$$DOC.txt (text/plain) in CBT.V504.FILE458.PDS, moved to PDS/$$$DOC
2023-04-03 00:24:12.346948 - Found $$$PROCS.jcl (text/plain) in CBT.V504.FILE458.PDS, moved to PDS/$$$PROCS
2023-04-03 00:24:12.347894 - Found #DOC#.txt (text/plain) in CBT.V504.FILE458.PDS, moved to PDS/#DOC#
2023-04-03 00:24:12.348923 - Found #INFO#.txt (text/plain) in CBT.V504.FILE458.PDS, moved to PDS/#INFO#
2023-04-03 00:24:12.349868 - Found @FILE458.txt (text/plain) in CBT.V504.FILE458.PDS, moved to PDS/@FILE458
2023-04-03 00:24:12.350887 - Found CDSCB.txt (text/plain) in CBT.V504.FILE458.PDS, moved to PDS/CDSCB
2023-04-03 00:24:12.351818 - Found CDSCB$.jcl (text/plain) in CBT.V504.FILE458.PDS, moved to PDS/CDSCB$
2023-04-03 00:24:12.352804 - Found CDSCB@.txt (text/plain) in CBT.V504.FILE458.PDS, moved to PDS/CDSCB@
2023-04-03 00:24:12.353801 - Found CDSCBH.txt (text/plain) in CBT.V504.FILE458.PDS, moved to PDS/CDSCBH
2023-04-03 00:24:12.354856 - Found COMPARB@.txt (text/plain) in CBT.V504.FILE458.PDS, moved to PDS/COMPARB@
2023-04-03 00:24:12.355869 - Found COMPARE.txt (text/plain) in CBT.V504.FILE458.PDS, moved to PDS/COMPARE
2023-04-03 00:24:12.356772 - Found COMPARE$.jcl (text/plain) in CBT.V504.FILE458.PDS, moved to PDS/COMPARE$
2023-04-03 00:24:12.357700 - Found COMPARE@.txt (text/plain) in CBT.V504.FILE458.PDS, moved to PDS/COMPARE@
2023-04-03 00:24:12.358612 - Found COMPAREB.txt (text/plain) in CBT.V504.FILE458.PDS, moved to PDS/COMPAREB
2023-04-03 00:24:12.359521 - Found COMPAREH.txt (text/plain) in CBT.V504.FILE458.PDS, moved to PDS/COMPAREH
2023-04-03 00:24:12.360470 - Found CURESTA.txt (text/plain) in CBT.V504.FILE458.PDS, moved to PDS/CURESTA
2023-04-03 00:24:12.361447 - Found CURESTA$.jcl (text/plain) in CBT.V504.FILE458.PDS, moved to PDS/CURESTA$
2023-04-03 00:24:12.362345 - Found CURESTA@.txt (text/plain) in CBT.V504.FILE458.PDS, moved to PDS/CURESTA@
2023-04-03 00:24:12.363403 - Found DIDOCS.txt (text/plain) in CBT.V504.FILE458.PDS, moved to PDS/DIDOCS
2023-04-03 00:24:12.364363 - Found DIDOCS$.jcl (text/plain) in CBT.V504.FILE458.PDS, moved to PDS/DIDOCS$
2023-04-03 00:24:12.365303 - Found DIDOCS@.txt (text/plain) in CBT.V504.FILE458.PDS, moved to PDS/DIDOCS@
2023-04-03 00:24:12.366230 - Found DIDOCSM.txt (text/plain) in CBT.V504.FILE458.PDS, moved to PDS/DIDOCSM
2023-04-03 00:24:12.367168 - Found DISASM$.jcl (text/plain) in CBT.V504.FILE458.PDS, moved to PDS/DISASM$
2023-04-03 00:24:12.368127 - Found DISASM@.txt (text/plain) in CBT.V504.FILE458.PDS, moved to PDS/DISASM@
2023-04-03 00:24:12.369119 - Found DISASMM.txt (text/plain) in CBT.V504.FILE458.PDS, moved to PDS/DISASMM
2023-04-03 00:24:12.370129 - Found DISASM0.txt (text/plain) in CBT.V504.FILE458.PDS, moved to PDS/DISASM0
2023-04-03 00:24:12.371119 - Found DISASM1.txt (text/plain) in CBT.V504.FILE458.PDS, moved to PDS/DISASM1
2023-04-03 00:24:12.372309 - Found DISASM2.txt (text/plain) in CBT.V504.FILE458.PDS, moved to PDS/DISASM2
2023-04-03 00:24:12.373333 - Found DOPROG.txt (text/plain) in CBT.V504.FILE458.PDS, moved to PDS/DOPROG
2023-04-03 00:24:12.374230 - Found DOPROG$.jcl (text/plain) in CBT.V504.FILE458.PDS, moved to PDS/DOPROG$
2023-04-03 00:24:12.375162 - Found DOPROG@.txt (text/plain) in CBT.V504.FILE458.PDS, moved to PDS/DOPROG@
2023-04-03 00:24:12.376105 - Found DOPROGH.txt (text/plain) in CBT.V504.FILE458.PDS, moved to PDS/DOPROGH
2023-04-03 00:24:12.377059 - Found DSNCHEC$.jcl (text/plain) in CBT.V504.FILE458.PDS, moved to PDS/DSNCHEC$
2023-04-03 00:24:12.377977 - Found DSNCHEC@.txt (text/plain) in CBT.V504.FILE458.PDS, moved to PDS/DSNCHEC@
2023-04-03 00:24:12.378931 - Found DSNCHECH.txt (text/plain) in CBT.V504.FILE458.PDS, moved to PDS/DSNCHECH
2023-04-03 00:24:12.379881 - Found DSNCHECK.txt (text/plain) in CBT.V504.FILE458.PDS, moved to PDS/DSNCHECK
2023-04-03 00:24:12.381105 - Found DSNTAB.txt (text/plain) in CBT.V504.FILE458.PDS, moved to PDS/DSNTAB
2023-04-03 00:24:12.382040 - Found DSNTAB$.jcl (text/plain) in CBT.V504.FILE458.PDS, moved to PDS/DSNTAB$
2023-04-03 00:24:12.382987 - Found DSNTAB@.txt (text/plain) in CBT.V504.FILE458.PDS, moved to PDS/DSNTAB@
2023-04-03 00:24:12.384038 - Found ETPS.txt (text/plain) in CBT.V504.FILE458.PDS, moved to PDS/ETPS
2023-04-03 00:24:12.384961 - Found ETPS$.jcl (text/plain) in CBT.V504.FILE458.PDS, moved to PDS/ETPS$
2023-04-03 00:24:12.385863 - Found ETPS$O1.txt (text/plain) in CBT.V504.FILE458.PDS, moved to PDS/ETPS$O1
2023-04-03 00:24:12.386811 - Found ETPS$O2A.txt (text/plain) in CBT.V504.FILE458.PDS, moved to PDS/ETPS$O2A
2023-04-03 00:24:12.387756 - Found ETPS$O2B.txt (text/plain) in CBT.V504.FILE458.PDS, moved to PDS/ETPS$O2B
2023-04-03 00:24:12.388852 - Found ETPS@.txt (text/plain) in CBT.V504.FILE458.PDS, moved to PDS/ETPS@
2023-04-03 00:24:12.389899 - Found ETPSBROW.txt (text/plain) in CBT.V504.FILE458.PDS, moved to PDS/ETPSBROW
2023-04-03 00:24:12.390842 - Found ETPSCOMP.txt (text/plain) in CBT.V504.FILE458.PDS, moved to PDS/ETPSCOMP
2023-04-03 00:24:12.392072 - Found ETPSDEFS.txt (text/plain) in CBT.V504.FILE458.PDS, moved to PDS/ETPSDEFS
2023-04-03 00:24:12.393349 - Found ETPSDSST.txt (text/plain) in CBT.V504.FILE458.PDS, moved to PDS/ETPSDSST
2023-04-03 00:24:12.394498 - Found ETPSEDIT.txt (text/plain) in CBT.V504.FILE458.PDS, moved to PDS/ETPSEDIT
2023-04-03 00:24:12.395418 - Found ETPSIDCA.txt (text/plain) in CBT.V504.FILE458.PDS, moved to PDS/ETPSIDCA
2023-04-03 00:24:12.396452 - Found ETPSIZAP.txt (text/plain) in CBT.V504.FILE458.PDS, moved to PDS/ETPSIZAP
2023-04-03 00:24:12.397517 - Found ETPSMACS.txt (text/plain) in CBT.V504.FILE458.PDS, moved to PDS/ETPSMACS
2023-04-03 00:24:12.398433 - Found ETPSMEMC.txt (text/plain) in CBT.V504.FILE458.PDS, moved to PDS/ETPSMEMC
2023-04-03 00:24:12.400044 - Found ETPSMESS.txt (text/plain) in CBT.V504.FILE458.PDS, moved to PDS/ETPSMESS
2023-04-03 00:24:12.401028 - Found ETPSTSO.txt (text/plain) in CBT.V504.FILE458.PDS, moved to PDS/ETPSTSO
2023-04-03 00:24:12.401982 - Found ETPSTSO$.jcl (text/plain) in CBT.V504.FILE458.PDS, moved to PDS/ETPSTSO$
2023-04-03 00:24:12.402955 - Found ETPSUTIL.txt (text/plain) in CBT.V504.FILE458.PDS, moved to PDS/ETPSUTIL
2023-04-03 00:24:12.402966 - Found ETPSZAP.x-dosexec containing application/x-dosexec, moved to PDS/ETPSZAP
2023-04-03 00:24:12.405183 - Found FAKEGSAM.txt (text/plain) in CBT.V504.FILE458.PDS, moved to PDS/FAKEGSAM
2023-04-03 00:24:12.406187 - Found GTEMACS.txt (text/plain) in CBT.V504.FILE458.PDS, moved to PDS/GTEMACS
2023-04-03 00:24:12.407338 - Found HEL.txt (text/plain) in CBT.V504.FILE458.PDS, moved to PDS/HEL
2023-04-03 00:24:12.408388 - Found HEL$.jcl (text/plain) in CBT.V504.FILE458.PDS, moved to PDS/HEL$
2023-04-03 00:24:12.409661 - Found HEL@.txt (text/plain) in CBT.V504.FILE458.PDS, moved to PDS/HEL@
2023-04-03 00:24:12.410629 - Found HELH.txt (text/plain) in CBT.V504.FILE458.PDS, moved to PDS/HELH
2023-04-03 00:24:12.411796 - Found HELMSGS.txt (text/plain) in CBT.V504.FILE458.PDS, moved to PDS/HELMSGS
2023-04-03 00:24:12.412729 - Found INCORZA$.jcl (text/plain) in CBT.V504.FILE458.PDS, moved to PDS/INCORZA$
2023-04-03 00:24:12.413613 - Found INCORZA@.txt (text/plain) in CBT.V504.FILE458.PDS, moved to PDS/INCORZA@
2023-04-03 00:24:12.414705 - Found INCORZAP.txt (text/plain) in CBT.V504.FILE458.PDS, moved to PDS/INCORZAP
2023-04-03 00:24:12.415943 - Found JCLFLOW.txt (text/plain) in CBT.V504.FILE458.PDS, moved to PDS/JCLFLOW
2023-04-03 00:24:12.416881 - Found JCLFLOW$.jcl (text/plain) in CBT.V504.FILE458.PDS, moved to PDS/JCLFLOW$
2023-04-03 00:24:12.417741 - Found JCLFLOW@.txt (text/plain) in CBT.V504.FILE458.PDS, moved to PDS/JCLFLOW@
2023-04-03 00:24:12.418610 - Found LISTICA$.jcl (text/plain) in CBT.V504.FILE458.PDS, moved to PDS/LISTICA$
2023-04-03 00:24:12.419553 - Found LISTICA@.txt (text/plain) in CBT.V504.FILE458.PDS, moved to PDS/LISTICA@
2023-04-03 00:24:12.420529 - Found LISTICAT.txt (text/plain) in CBT.V504.FILE458.PDS, moved to PDS/LISTICAT
2023-04-03 00:24:12.421409 - Found LISTICDA.txt (text/plain) in CBT.V504.FILE458.PDS, moved to PDS/LISTICDA
2023-04-03 00:24:12.422278 - Found LISTICDC.txt (text/plain) in CBT.V504.FILE458.PDS, moved to PDS/LISTICDC
2023-04-03 00:24:12.423227 - Found LISTICDS.txt (text/plain) in CBT.V504.FILE458.PDS, moved to PDS/LISTICDS
2023-04-03 00:24:12.424182 - Found LISTICMC.txt (text/plain) in CBT.V504.FILE458.PDS, moved to PDS/LISTICMC
2023-04-03 00:24:12.425126 - Found LISTICMS.txt (text/plain) in CBT.V504.FILE458.PDS, moved to PDS/LISTICMS
2023-04-03 00:24:12.426045 - Found LISTICPR.txt (text/plain) in CBT.V504.FILE458.PDS, moved to PDS/LISTICPR
2023-04-03 00:24:12.426947 - Found MEMSTAT.txt (text/plain) in CBT.V504.FILE458.PDS, moved to PDS/MEMSTAT
2023-04-03 00:24:12.428475 - Found MEMSTAT$.jcl (text/plain) in CBT.V504.FILE458.PDS, moved to PDS/MEMSTAT$
2023-04-03 00:24:12.429393 - Found MEMSTAT@.txt (text/plain) in CBT.V504.FILE458.PDS, moved to PDS/MEMSTAT@
2023-04-03 00:24:12.430258 - Found MEMSTATH.txt (text/plain) in CBT.V504.FILE458.PDS, moved to PDS/MEMSTATH
2023-04-03 00:24:12.431199 - Found MODLOOK.txt (text/plain) in CBT.V504.FILE458.PDS, moved to PDS/MODLOOK
2023-04-03 00:24:12.432079 - Found MODLOOK$.jcl (text/plain) in CBT.V504.FILE458.PDS, moved to PDS/MODLOOK$
2023-04-03 00:24:12.433264 - Found MODLOOK@.txt (text/plain) in CBT.V504.FILE458.PDS, moved to PDS/MODLOOK@
2023-04-03 00:24:12.434315 - Found NOTICE.txt (text/plain) in CBT.V504.FILE458.PDS, moved to PDS/NOTICE
2023-04-03 00:24:12.435256 - Found NOTICE$.jcl (text/plain) in CBT.V504.FILE458.PDS, moved to PDS/NOTICE$
2023-04-03 00:24:12.436137 - Found NOTICE$@.txt (text/plain) in CBT.V504.FILE458.PDS, moved to PDS/NOTICE$@
2023-04-03 00:24:12.437052 - Found NOTICE@.txt (text/plain) in CBT.V504.FILE458.PDS, moved to PDS/NOTICE@
2023-04-03 00:24:12.437905 - Found NOTICECI.txt (text/plain) in CBT.V504.FILE458.PDS, moved to PDS/NOTICECI
2023-04-03 00:24:12.438809 - Found NOTICEHL.txt (text/plain) in CBT.V504.FILE458.PDS, moved to PDS/NOTICEHL
2023-04-03 00:24:12.439693 - Found NOTICEPI.txt (text/plain) in CBT.V504.FILE458.PDS, moved to PDS/NOTICEPI
2023-04-03 00:24:12.440580 - Found NOTICESA.txt (text/plain) in CBT.V504.FILE458.PDS, moved to PDS/NOTICESA
2023-04-03 00:24:12.441455 - Found OACNOW.txt (text/plain) in CBT.V504.FILE458.PDS, moved to PDS/OACNOW
2023-04-03 00:24:12.442304 - Found PACKLIS$.jcl (text/plain) in CBT.V504.FILE458.PDS, moved to PDS/PACKLIS$
2023-04-03 00:24:12.443212 - Found PACKLIS@.txt (text/plain) in CBT.V504.FILE458.PDS, moved to PDS/PACKLIS@
2023-04-03 00:24:12.444283 - Found PACKLIST.txt (text/plain) in CBT.V504.FILE458.PDS, moved to PDS/PACKLIST
2023-04-03 00:24:12.445465 - Found PDFINIT.txt (text/plain) in CBT.V504.FILE458.PDS, moved to PDS/PDFINIT
2023-04-03 00:24:12.446357 - Found PDFINIT$.jcl (text/plain) in CBT.V504.FILE458.PDS, moved to PDS/PDFINIT$
2023-04-03 00:24:12.447519 - Found PDFINIT@.txt (text/plain) in CBT.V504.FILE458.PDS, moved to PDS/PDFINIT@
2023-04-03 00:24:12.448454 - Found PDSMATC$.jcl (text/plain) in CBT.V504.FILE458.PDS, moved to PDS/PDSMATC$
2023-04-03 00:24:12.449395 - Found PDSMATC@.txt (text/plain) in CBT.V504.FILE458.PDS, moved to PDS/PDSMATC@
2023-04-03 00:24:12.450309 - Found PDSMATCH.txt (text/plain) in CBT.V504.FILE458.PDS, moved to PDS/PDSMATCH
2023-04-03 00:24:12.451270 - Found POF.txt (text/plain) in CBT.V504.FILE458.PDS, moved to PDS/POF
2023-04-03 00:24:12.452167 - Found POF$.jcl (text/plain) in CBT.V504.FILE458.PDS, moved to PDS/POF$
2023-04-03 00:24:12.453262 - Found POF@.txt (text/plain) in CBT.V504.FILE458.PDS, moved to PDS/POF@
2023-04-03 00:24:12.454154 - Found POFH.txt (text/plain) in CBT.V504.FILE458.PDS, moved to PDS/POFH
2023-04-03 00:24:12.455296 - Found PSWSAMP.txt (text/plain) in CBT.V504.FILE458.PDS, moved to PDS/PSWSAMP
2023-04-03 00:24:12.456412 - Found PSWSAMP$.jcl (text/plain) in CBT.V504.FILE458.PDS, moved to PDS/PSWSAMP$
2023-04-03 00:24:12.457313 - Found PUSE.txt (text/plain) in CBT.V504.FILE458.PDS, moved to PDS/PUSE
2023-04-03 00:24:12.458160 - Found PUSE$.jcl (text/plain) in CBT.V504.FILE458.PDS, moved to PDS/PUSE$
2023-04-03 00:24:12.459031 - Found PUSE@.txt (text/plain) in CBT.V504.FILE458.PDS, moved to PDS/PUSE@
2023-04-03 00:24:12.459944 - Found PUSEH.txt (text/plain) in CBT.V504.FILE458.PDS, moved to PDS/PUSEH
2023-04-03 00:24:12.461515 - Found QSP.txt (text/plain) in CBT.V504.FILE458.PDS, moved to PDS/QSP
2023-04-03 00:24:12.462772 - Found QSP$.jcl (text/plain) in CBT.V504.FILE458.PDS, moved to PDS/QSP$
2023-04-03 00:24:12.463955 - Found QSP@.txt (text/plain) in CBT.V504.FILE458.PDS, moved to PDS/QSP@
2023-04-03 00:24:12.464869 - Found QSPH.txt (text/plain) in CBT.V504.FILE458.PDS, moved to PDS/QSPH
2023-04-03 00:24:12.465735 - Found QSPHELP.txt (text/plain) in CBT.V504.FILE458.PDS, moved to PDS/QSPHELP
2023-04-03 00:24:12.466902 - Found ROTATER.txt (text/plain) in CBT.V504.FILE458.PDS, moved to PDS/ROTATER
2023-04-03 00:24:12.468107 - Found ROTATER$.jcl (text/plain) in CBT.V504.FILE458.PDS, moved to PDS/ROTATER$
2023-04-03 00:24:12.469176 - Found ROTATER@.txt (text/plain) in CBT.V504.FILE458.PDS, moved to PDS/ROTATER@
2023-04-03 00:24:12.470217 - Found SCHEDALP.txt (text/plain) in CBT.V504.FILE458.PDS, moved to PDS/SCHEDALP
2023-04-03 00:24:12.470231 - Found SCHEDMAC.bin containing application/octet-stream, moved to PDS/SCHEDMAC
2023-04-03 00:24:12.471312 - Found SCHEDRUN.bin containing application/octet-stream, moved to PDS/SCHEDRUN
2023-04-03 00:24:12.473785 - Found SCHEDRUP.txt (text/plain) in CBT.V504.FILE458.PDS, moved to PDS/SCHEDRUP
2023-04-03 00:24:12.474712 - Found SCHEDUL$.jcl (text/plain) in CBT.V504.FILE458.PDS, moved to PDS/SCHEDUL$
2023-04-03 00:24:12.475659 - Found SCHEDUL@.txt (text/plain) in CBT.V504.FILE458.PDS, moved to PDS/SCHEDUL@
2023-04-03 00:24:12.475669 - Found SCHEDULE.bin containing application/octet-stream, moved to PDS/SCHEDULE
2023-04-03 00:24:12.478245 - Found SCHEDULH.txt (text/plain) in CBT.V504.FILE458.PDS, moved to PDS/SCHEDULH
2023-04-03 00:24:12.479307 - Found TO.txt (text/plain) in CBT.V504.FILE458.PDS, moved to PDS/TO
2023-04-03 00:24:12.480415 - Found TO$.jcl (text/plain) in CBT.V504.FILE458.PDS, moved to PDS/TO$
2023-04-03 00:24:12.481437 - Found TO@.txt (text/plain) in CBT.V504.FILE458.PDS, moved to PDS/TO@
2023-04-03 00:24:12.482484 - Found TOH.txt (text/plain) in CBT.V504.FILE458.PDS, moved to PDS/TOH
2023-04-03 00:24:12.483593 - Found WHATDSN.txt (text/plain) in CBT.V504.FILE458.PDS, moved to PDS/WHATDSN
2023-04-03 00:24:12.484648 - Found WHATDSN$.jcl (text/plain) in CBT.V504.FILE458.PDS, moved to PDS/WHATDSN$
2023-04-03 00:24:12.485538 - Found WHATDSN@.txt (text/plain) in CBT.V504.FILE458.PDS, moved to PDS/WHATDSN@
2023-04-03 00:24:12.486412 - Found WHATDSNH.txt (text/plain) in CBT.V504.FILE458.PDS, moved to PDS/WHATDSNH
2023-04-03 00:24:12.486422 - Found XREFASM.bin containing application/octet-stream, moved to PDS/XREFASM
2023-04-03 00:24:12.488348 - Found XREFASM$.jcl (text/plain) in CBT.V504.FILE458.PDS, moved to PDS/XREFASM$
2023-04-03 00:24:12.489240 - Found XREFASM@.txt (text/plain) in CBT.V504.FILE458.PDS, moved to PDS/XREFASM@
2023-04-03 00:24:12.489249 - Found ZAP.x-dosexec containing application/x-dosexec, moved to PDS/ZAP
2023-04-03 00:24:12.491516 - Found ZAP$.jcl (text/plain) in CBT.V504.FILE458.PDS, moved to PDS/ZAP$
2023-04-03 00:24:12.492429 - Found ZAP@.txt (text/plain) in CBT.V504.FILE458.PDS, moved to PDS/ZAP@
2023-04-03 00:24:12.493308 - Found ZAPH.txt (text/plain) in CBT.V504.FILE458.PDS, moved to PDS/ZAPH
2023-04-03 00:24:12.494421 - Found ZAPMAC.txt (text/plain) in CBT.V504.FILE458.PDS, moved to PDS/ZAPMAC
